[00:01:54] [Server thread/INFO]: [NicolasRamosR: Teleported NicolasRamosR to santypete]
[00:02:53] [Server thread/INFO]: [NicolasRamosR: Teleported NicolasRamosR to santypete]
[00:04:33] [Server thread/INFO]: [Not Secure] <santypete> encontre la salida
[00:04:36] [Server thread/INFO]: [NicolasRamosR: Teleported NicolasRamosR to santypete]
[00:05:08] [Server thread/INFO]: [Not Secure] <santypete> me tengo q ir a bañar
[00:05:13] [Server thread/INFO]: [Not Secure] <santypete> ya vengo
[00:05:31] [Server thread/INFO]: NicolasRamosR lost connection: Disconnected
[00:05:31] [Server thread/INFO]: NicolasRamosR left the game
[00:05:50] [Server thread/INFO]: Unknown or incomplete command, see below for error
[00:05:50] [Server thread/INFO]: <--[HERE]
[00:18:36] [Server thread/INFO]: Unknown or incomplete command, see below for error
[00:18:36] [Server thread/INFO]: <--[HERE]
[00:24:31] [Server thread/INFO]: [Not Secure] <santypete> q mrd
[00:52:52] [Server thread/INFO]: santypete has made the advancement [Spooky Scary Skeleton]
[01:01:33] [Server thread/INFO]: [santypete: Set own game mode to Spectator Mode]
[01:01:51] [Server thread/INFO]: [santypete: Set own game mode to Survival Mode]
[01:02:17] [Server thread/INFO]: [santypete: Set own game mode to Spectator Mode]
[01:02:20] [Server thread/INFO]: [santypete: Teleported santypete to 576.500000, 53.000000, 560.500000]
[01:02:23] [Server thread/WARN]: Can't keep up! Is the server overloaded? Running 3329ms or 66 ticks behind
[01:02:24] [Server thread/INFO]: santypete has made the advancement [Those Were the Days]
[01:02:57] [Server thread/INFO]: [santypete: Set own game mode to Survival Mode]
[01:02:59] [Server thread/INFO]: santypete has made the advancement [War Pigs]
[01:03:06] [Server thread/INFO]: [santypete: Set own game mode to Spectator Mode]
[01:03:18] [Server thread/INFO]: [santypete: Set own game mode to Survival Mode]
[01:03:26] [Server thread/INFO]: [santypete: Set own game mode to Spectator Mode]
[01:03:44] [Server thread/INFO]: [santypete: Set own game mode to Survival Mode]
[01:03:53] [Server thread/INFO]: [santypete: Set own game mode to Spectator Mode]
[01:04:40] [Server thread/INFO]: [santypete: Set own game mode to Survival Mode]
[01:04:43] [Server thread/INFO]: [santypete: Set own game mode to Spectator Mode]
[01:04:47] [Server thread/INFO]: [santypete: Set own game mode to Survival Mode]
[01:04:49] [Server thread/INFO]: [santypete: Set own game mode to Spectator Mode]
[01:04:53] [Server thread/INFO]: [santypete: Set own game mode to Survival Mode]
[01:05:00] [Server thread/INFO]: [santypete: Set own game mode to Spectator Mode]
[01:05:14] [Server thread/INFO]: [santypete: Set own game mode to Survival Mode]
[01:05:18] [Server thread/INFO]: [santypete: Set own game mode to Spectator Mode]
[01:05:25] [Server thread/INFO]: [santypete: Set own game mode to Survival Mode]
[01:05:34] [Server thread/INFO]: [santypete: Set own game mode to Spectator Mode]
[01:05:47] [Server thread/INFO]: [santypete: Teleported santypete to 1744.500000, 39.000000, 320.500000]
[01:06:14] [Server thread/INFO]: [santypete: Set own game mode to Survival Mode]
[01:06:18] [Server thread/INFO]: [santypete: Set own game mode to Spectator Mode]
[01:07:08] [Server thread/INFO]: [santypete: Set own game mode to Survival Mode]
[01:08:17] [Server thread/INFO]: [santypete: Set own game mode to Spectator Mode]
